<?xml version="1.0" encoding="UTF-8"?>
<!-- Generated by org.testng.reporters.JUnitXMLReporter -->
<testsuite ignored="1" hostname="DESKTOP-7BBMSHU" failures="0" tests="1" name="Default test" time="0.064" errors="0" timestamp="2025-02-02T05:17:15 IST">
  <testcase classname="MyPrograms.RemoveDuplicateCharInString" name="charCountInString" time="0.012"/>
  <testcase classname="MyPrograms.RemoveDuplicateCharInString" name="charOnce" time="0.0">
    <ignored/>
  </testcase> <!-- charOnce -->
</testsuite> <!-- Default test -->
