<?xml version="1.0" encoding="UTF-8"?>
<testng-results ignored="0" total="1" passed="1" failed="0" skipped="0">
  <reporter-output>
  </reporter-output>
  <suite started-at="2025-02-02T05:17:15 IST" name="Default suite" finished-at="2025-02-02T05:17:15 IST" duration-ms="64">
    <groups>
    </groups>
    <test started-at="2025-02-02T05:17:15 IST" name="Default test" finished-at="2025-02-02T05:17:15 IST" duration-ms="64">
      <class name="MyPrograms.RemoveDuplicateCharInString">
        <test-method signature="charCountInString()[pri:0, instance:MyPrograms.RemoveDuplicateCharInString@72bc6553]" started-at="2025-02-02T05:17:15 IST" name="charCountInString" finished-at="2025-02-02T05:17:15 IST" duration-ms="12" status="PASS">
          <reporter-output>
          </reporter-output>
        </test-method> <!-- charCountInString -->
      </class> <!-- MyPrograms.RemoveDuplicateCharInString -->
    </test> <!-- Default test -->
  </suite> <!-- Default suite -->
</testng-results>
